<?xml version="1.0" encoding="UTF-8"?>
<testng-results ignored="4" total="5" passed="1" failed="0" skipped="0">
  <reporter-output>
  </reporter-output>
  <suite started-at="2024-07-15T16:06:53 IST" name="Default suite" finished-at="2024-07-15T16:06:56 IST" duration-ms="3051">
    <groups>
    </groups>
    <test started-at="2024-07-15T16:06:53 IST" name="Default test" finished-at="2024-07-15T16:06:56 IST" duration-ms="3051">
      <class name="restAPI.Beeceptorposthook">
        <test-method signature="getproject()[pri:0, instance:restAPI.Beeceptorposthook@31fa1761]" started-at="2024-07-15T16:06:53 IST" name="getproject" finished-at="2024-07-15T16:06:56 IST" duration-ms="2979" status="PASS">
          <reporter-output>
          </reporter-output>
        </test-method> <!-- getproject -->
      </class> <!-- restAPI.Beeceptorposthook -->
    </test> <!-- Default test -->
  </suite> <!-- Default suite -->
</testng-results>
