<?xml version="1.0" encoding="UTF-8"?>
<!-- Generated by org.testng.reporters.JUnitXMLReporter -->
<testsuite ignored="4" hostname="DESKTOP-ARI1PTB" failures="0" tests="1" name="Default test" time="3.051" errors="0" timestamp="2024-07-15T16:06:56 IST">
  <testcase classname="restAPI.Beeceptorposthook" name="getproject" time="2.979"/>
  <testcase classname="restAPI.Beeceptorposthook" name="ScheduleaHook" time="0.0">
    <ignored/>
  </testcase> <!-- ScheduleaHook -->
  <testcase classname="restAPI.Beeceptorposthook" name="getahookbyiD" time="0.0">
    <ignored/>
  </testcase> <!-- getahookbyiD -->
  <testcase classname="restAPI.Beeceptorposthook" name="deleteHookbyiD" time="0.0">
    <ignored/>
  </testcase> <!-- deleteHookbyiD -->
  <testcase classname="restAPI.Beeceptorposthook" name="GetHooks" time="0.0">
    <ignored/>
  </testcase> <!-- GetHooks -->
</testsuite> <!-- Default test -->
